<?xml version="1.0" encoding="UTF-8"?>
<!-- Generated by org.testng.reporters.JUnitReportReporter -->
<testsuite skipped="0" hostname="DESKTOP-CTFSMH2" name="seleniumDemo.CreateLead" tests="1" failures="0" timestamp="2022-01-14T00:43:43 EST" time="17.477" errors="0">
  <testcase name="createlead" time="17.477" classname="seleniumDemo.CreateLead"/>
</testsuite> <!-- seleniumDemo.CreateLead -->
