<?xml version="1.0" encoding="UTF-8"?>
<!-- Generated by org.testng.reporters.JUnitReportReporter -->
<testsuite skipped="0" hostname="DESKTOP-CTFSMH2" name="testNgDemo.AnnotationsOrder" tests="3" failures="0" timestamp="2022-02-03T20:57:13 EST" time="0.013" errors="0">
  <testcase name="test2" time="0.001" classname="testNgDemo.AnnotationsOrder"/>
  <testcase name="test1" time="0.009" classname="testNgDemo.AnnotationsOrder"/>
  <testcase name="test3" time="0.003" classname="testNgDemo.AnnotationsOrder"/>
</testsuite> <!-- testNgDemo.AnnotationsOrder -->
