<?xml version="1.0" encoding="UTF-8"?>
<!-- Generated by org.testng.reporters.JUnitReportReporter -->
<testsuite skipped="0" hostname="DESKTOP-CTFSMH2" name="learnTestNG01.TestNGAnnoWithPriority" tests="3" failures="0" timestamp="2022-02-06T03:49:17 EST" time="0.015" errors="0">
  <testcase name="test2" time="0.011" classname="learnTestNG01.TestNGAnnoWithPriority"/>
  <testcase name="test3" time="0.002" classname="learnTestNG01.TestNGAnnoWithPriority"/>
  <testcase name="test1" time="0.002" classname="learnTestNG01.TestNGAnnoWithPriority"/>
</testsuite> <!-- learnTestNG01.TestNGAnnoWithPriority -->
