<?xml version="1.0" encoding="UTF-8"?>
<!-- Generated by org.testng.reporters.JUnitReportReporter -->
<testsuite skipped="0" hostname="DESKTOP-CTFSMH2" name="Wrapper.Prameters_CreateLead1_ParametandDataP" tests="3" failures="0" timestamp="2022-02-10T18:48:53 EST" time="100.038" errors="0">
  <testcase name="createLead" time="28.276" classname="Wrapper.Prameters_CreateLead1_ParametandDataP"/>
  <testcase name="createLead" time="41.934" classname="Wrapper.Prameters_CreateLead1_ParametandDataP"/>
  <testcase name="createLead" time="29.828" classname="Wrapper.Prameters_CreateLead1_ParametandDataP"/>
</testsuite> <!-- Wrapper.Prameters_CreateLead1_ParametandDataP -->
