<?xml version="1.0" encoding="UTF-8"?>
<!-- Generated by org.testng.reporters.JUnitReportReporter -->
<testsuite skipped="0" hostname="DESKTOP-CTFSMH2" name="statrtingPointOfFramework.TC_001_CreateLead" tests="1" failures="0" timestamp="2022-02-16T19:37:15 EST" time="37.480" errors="0">
  <testcase name="createLead" time="37.480" classname="statrtingPointOfFramework.TC_001_CreateLead"/>
</testsuite> <!-- statrtingPointOfFramework.TC_001_CreateLead -->
