<?xml version="1.0" encoding="UTF-8"?>
<!-- Generated by org.testng.reporters.JUnitReportReporter -->
<testsuite skipped="0" hostname="DESKTOP-CTFSMH2" name="tcConnectInheritanceConcept.CreateLead" tests="1" failures="0" timestamp="2022-02-06T19:50:01 EST" time="21.226" errors="0">
  <testcase name="createLead" time="21.226" classname="tcConnectInheritanceConcept.CreateLead"/>
</testsuite> <!-- tcConnectInheritanceConcept.CreateLead -->
