<?xml version="1.0" encoding="UTF-8"?>
<!-- Generated by org.testng.reporters.JUnitReportReporter -->
<testsuite skipped="0" hostname="DESKTOP-CTFSMH2" name="testNgDemo.TestngPriority" tests="4" failures="0" timestamp="2022-02-05T00:16:11 EST" time="85.897" errors="0">
  <testcase name="mergeLead" time="15.650" classname="testNgDemo.TestngPriority"/>
  <testcase name="createLead" time="25.025" classname="testNgDemo.TestngPriority"/>
  <testcase name="editLead" time="22.930" classname="testNgDemo.TestngPriority"/>
  <testcase name="deleteLead" time="22.292" classname="testNgDemo.TestngPriority"/>
</testsuite> <!-- testNgDemo.TestngPriority -->
