<?xml version="1.0" encoding="UTF-8"?>
<!-- Generated by org.testng.reporters.JUnitReportReporter -->
<testsuite skipped="0" hostname="DESKTOP-CTFSMH2" name="learnParameters.Parameters_CreateLead" tests="1" failures="0" timestamp="2022-02-08T20:22:30 EST" time="26.447" errors="0">
  <testcase name="createLead" time="26.447" classname="learnParameters.Parameters_CreateLead"/>
</testsuite> <!-- learnParameters.Parameters_CreateLead -->
