<?xml version="1.0" encoding="UTF-8"?>
<!-- Generated by org.testng.reporters.JUnitReportReporter -->
<testsuite skipped="0" hostname="DESKTOP-CTFSMH2" name="Wrapper.Prameters_CreateLead1" tests="3" failures="0" timestamp="2022-02-08T20:40:12 EST" time="81.509" errors="0">
  <testcase name="createLead" time="30.064" classname="Wrapper.Prameters_CreateLead1"/>
  <testcase name="createLead" time="26.161" classname="Wrapper.Prameters_CreateLead1"/>
  <testcase name="createLead" time="25.284" classname="Wrapper.Prameters_CreateLead1"/>
</testsuite> <!-- Wrapper.Prameters_CreateLead1 -->
