<?xml version="1.0" encoding="UTF-8"?>
<!-- Generated by org.testng.reporters.JUnitReportReporter -->
<testsuite skipped="0" hostname="DESKTOP-CTFSMH2" name="learnTestNG01.DuplicateLead_TestCase_04" tests="1" failures="0" timestamp="2022-03-07T01:07:40 EST" time="20.060" errors="0">
  <testcase name="duplicateLead" time="20.060" classname="learnTestNG01.DuplicateLead_TestCase_04"/>
</testsuite> <!-- learnTestNG01.DuplicateLead_TestCase_04 -->
