<?xml version="1.0" encoding="UTF-8"?>
<!-- Generated by org.testng.reporters.JUnitReportReporter -->
<testsuite skipped="0" hostname="DESKTOP-CTFSMH2" name="learnTestNG01.EditLead_TestCase_02" tests="1" failures="0" timestamp="2022-02-24T03:56:16 EST" time="27.252" errors="0">
  <testcase name="editLead" time="27.252" classname="learnTestNG01.EditLead_TestCase_02"/>
</testsuite> <!-- learnTestNG01.EditLead_TestCase_02 -->
