<?xml version="1.0" encoding="UTF-8"?>
<!-- Generated by org.testng.reporters.JUnitReportReporter -->
<testsuite skipped="1" hostname="DESKTOP-CTFSMH2" name="connectExcelWithDataProvider.CreateLead" tests="1" failures="0" timestamp="2022-02-21T23:17:27 EST" time="0.000" errors="0">
  <testcase name="createLead" time="0.000" classname="connectExcelWithDataProvider.CreateLead">
    <skipped/>
  </testcase> <!-- createLead -->
</testsuite> <!-- connectExcelWithDataProvider.CreateLead -->
